@!@!@STARTMSG 2262:0 @!@!@
TLC2 Version 2.16 of 31 December 2020 (rev: cdddf55)
@!@!@ENDMSG 2262 @!@!@
@!@!@STARTMSG 2187:0 @!@!@
Running breadth-first search Model-Checking with fp 40 and seed 8231336303711343339 with 1 worker on 8 cores with 3641MB heap and 64MB offheap memory [pid: 94690] (Mac OS X 15.0.1 x86_64, Eclipse Adoptium 11.0.16.1 x86_64, MSBDiskFPSet, DiskStateQueue).
@!@!@ENDMSG 2187 @!@!@
@!@!@STARTMSG 2220:0 @!@!@
Starting SANY...
@!@!@ENDMSG 2220 @!@!@
Parsing file /Users/bnjoroge/Documents/leader_follower/protocol/tla/spec.tla

Fatal errors while parsing TLA+ spec in file spec

tla2sany.semantic.AbortException
*** Abort messages: 1

Unknown location

File name 'spec' does not match the name 'LeaderFollower' of the top level module it contains.


@!@!@STARTMSG 2219:0 @!@!@
SANY finished.
@!@!@ENDMSG 2219 @!@!@
@!@!@STARTMSG 2185:0 @!@!@
Starting... (2024-10-14 19:23:18)
@!@!@ENDMSG 2185 @!@!@
@!@!@STARTMSG 3002:1 @!@!@
Parsing or semantic analysis failed.
@!@!@ENDMSG 3002 @!@!@
@!@!@STARTMSG 2186:0 @!@!@
Finished in 1279ms at (2024-10-14 19:23:18)
@!@!@ENDMSG 2186 @!@!@
